<?xml version="1.0" encoding="utf-8"?><testsuites><testsuite name="pytest" errors="0" failures="0" skipped="0" tests="6" time="90.940" timestamp="2023-01-24T17:05:55.063201" hostname="LAPTOP-2T93F3R7"><testcase classname="test_AddNewSurvey.TestAddNewSurvey" name="test_addnewsurvey" time="29.323" /><testcase classname="test_LoginTests.TestLogin" name="test_loginsubmission[getData0]" time="13.469" /><testcase classname="test_LoginTests.TestLogin" name="test_loginsubmission[getData1]" time="4.603" /><testcase classname="test_LoginTests.TestLogin" name="test_loginsubmission[getData2]" time="4.703" /><testcase classname="test_NewSurvey.TestNewSurvey" name="test_newsurvey" time="20.453" /><testcase classname="test_e2e.TestOne" name="test_e2e" time="18.338" /></testsuite></testsuites>